<?xml version="1.0" encoding="UTF-8"?>
<testng-results ignored="0" total="1" passed="1" failed="0" skipped="0">
  <reporter-output>
  </reporter-output>
  <suite started-at="2023-07-10T11:12:54 PST" name="Default suite" finished-at="2023-07-10T11:13:02 PST" duration-ms="8125">
    <groups>
    </groups>
    <test started-at="2023-07-10T11:12:54 PST" name="Default test" finished-at="2023-07-10T11:13:02 PST" duration-ms="8125">
      <class name="rahulshettyacademy.ExtendReports.ExtentReportDemo">
        <test-method is-config="true" signature="config()[pri:0, instance:rahulshettyacademy.ExtendReports.ExtentReportDemo@59505b48]" started-at="2023-07-10T11:12:54 PST" name="config" finished-at="2023-07-10T11:12:54 PST" duration-ms="352" status="PASS">
          <reporter-output>
          </reporter-output>
        </test-method> <!-- config -->
        <test-method signature="initialDemo()[pri:0, instance:rahulshettyacademy.ExtendReports.ExtentReportDemo@59505b48]" started-at="2023-07-10T11:12:54 PST" name="initialDemo" finished-at="2023-07-10T11:13:02 PST" duration-ms="7693" status="PASS">
          <reporter-output>
          </reporter-output>
        </test-method> <!-- initialDemo -->
      </class> <!-- rahulshettyacademy.ExtendReports.ExtentReportDemo -->
    </test> <!-- Default test -->
  </suite> <!-- Default suite -->
</testng-results>
